{"/Users/mikelawlor/Documents/wren-js-task/src/index.ts": {"path":"/Users/mikelawlor/Documents/wren-js-task/src/index.ts","statementMap":{"0":{"start":{"line":1,"column":0},"end":{"line":1,"column":42}},"1":{"start":{"line":3,"column":0},"end":{"line":3,"column":31}},"2":{"start":{"line":4,"column":0},"end":{"line":4,"column":38}},"3":{"start":{"line":6,"column":0},"end":{"line":6,"column":30}},"4":{"start":{"line":9,"column":4},"end":{"line":12,"column":6}},"5":{"start":{"line":15,"column":0},"end":{"line":15,"column":7}}},"fnMap":{"0":{"name":"main","decl":{"start":{"line":8,"column":9},"end":{"line":8,"column":13}},"loc":{"start":{"line":8,"column":13},"end":{"line":13,"column":1}}}},"branchMap":{},"s":{"0":0,"1":0,"2":0,"3":0,"4":0,"5":0},"f":{"0":0},"b":{}}
,"/Users/mikelawlor/Documents/wren-js-task/src/root.tsx": {"path":"/Users/mikelawlor/Documents/wren-js-task/src/root.tsx","statementMap":{"0":{"start":{"line":1,"column":0},"end":{"line":1,"column":31}},"1":{"start":{"line":2,"column":0},"end":{"line":2,"column":35}},"2":{"start":{"line":3,"column":0},"end":{"line":3,"column":25}},"3":{"start":{"line":7,"column":4},"end":{"line":7,"column":19}},"4":{"start":{"line":5,"column":0},"end":{"line":5,"column":13}}},"fnMap":{"0":{"name":"(anonymous_0)","decl":{"start":{"line":6,"column":2},"end":{"line":6,"column":8}},"loc":{"start":{"line":6,"column":8},"end":{"line":8,"column":3}}}},"branchMap":{},"s":{"0":0,"1":0,"2":0,"3":0,"4":0},"f":{"0":0},"b":{}}
,"/Users/mikelawlor/Documents/wren-js-task/src/components/App.tsx": {"path":"/Users/mikelawlor/Documents/wren-js-task/src/components/App.tsx","statementMap":{"0":{"start":{"line":1,"column":0},"end":{"line":1,"column":40}},"1":{"start":{"line":3,"column":0},"end":{"line":3,"column":40}},"2":{"start":{"line":5,"column":12},"end":{"line":212,"column":1}},"3":{"start":{"line":6,"column":30},"end":{"line":6,"column":52}},"4":{"start":{"line":7,"column":28},"end":{"line":7,"column":50}},"5":{"start":{"line":9,"column":44},"end":{"line":9,"column":73}},"6":{"start":{"line":10,"column":50},"end":{"line":10,"column":79}},"7":{"start":{"line":11,"column":50},"end":{"line":11,"column":79}},"8":{"start":{"line":13,"column":40},"end":{"line":13,"column":51}},"9":{"start":{"line":14,"column":40},"end":{"line":14,"column":51}},"10":{"start":{"line":15,"column":42},"end":{"line":15,"column":53}},"11":{"start":{"line":17,"column":22},"end":{"line":27,"column":3}},"12":{"start":{"line":18,"column":29},"end":{"line":24,"column":6}},"13":{"start":{"line":25,"column":4},"end":{"line":25,"column":36}},"14":{"start":{"line":26,"column":4},"end":{"line":26,"column":37}},"15":{"start":{"line":29,"column":22},"end":{"line":33,"column":3}},"16":{"start":{"line":30,"column":4},"end":{"line":32,"column":34}},"17":{"start":{"line":35,"column":22},"end":{"line":41,"column":3}},"18":{"start":{"line":36,"column":23},"end":{"line":36,"column":73}},"19":{"start":{"line":36,"column":47},"end":{"line":36,"column":72}},"20":{"start":{"line":37,"column":30},"end":{"line":37,"column":79}},"21":{"start":{"line":37,"column":55},"end":{"line":37,"column":75}},"22":{"start":{"line":38,"column":4},"end":{"line":38,"column":50}},"23":{"start":{"line":40,"column":4},"end":{"line":40,"column":47}},"24":{"start":{"line":43,"column":19},"end":{"line":55,"column":3}},"25":{"start":{"line":48,"column":4},"end":{"line":54,"column":null}},"26":{"start":{"line":49,"column":31},"end":{"line":49,"column":73}},"27":{"start":{"line":50,"column":6},"end":{"line":50,"column":38}},"28":{"start":{"line":51,"column":6},"end":{"line":51,"column":37}},"29":{"start":{"line":53,"column":6},"end":{"line":53,"column":68}},"30":{"start":{"line":57,"column":21},"end":{"line":65,"column":3}},"31":{"start":{"line":58,"column":22},"end":{"line":62,"column":6}},"32":{"start":{"line":59,"column":6},"end":{"line":59,"column":73}},"33":{"start":{"line":61,"column":6},"end":{"line":61,"column":19}},"34":{"start":{"line":64,"column":4},"end":{"line":64,"column":24}},"35":{"start":{"line":67,"column":23},"end":{"line":71,"column":3}},"36":{"start":{"line":68,"column":22},"end":{"line":68,"column":67}},"37":{"start":{"line":68,"column":46},"end":{"line":68,"column":66}},"38":{"start":{"line":69,"column":4},"end":{"line":69,"column":30}},"39":{"start":{"line":70,"column":4},"end":{"line":70,"column":24}},"40":{"start":{"line":73,"column":32},"end":{"line":77,"column":3}},"41":{"start":{"line":74,"column":4},"end":{"line":76,"column":37}},"42":{"start":{"line":79,"column":22},"end":{"line":90,"column":3}},"43":{"start":{"line":80,"column":4},"end":{"line":89,"column":null}},"44":{"start":{"line":81,"column":6},"end":{"line":81,"column":32}},"45":{"start":{"line":82,"column":6},"end":{"line":82,"column":32}},"46":{"start":{"line":84,"column":6},"end":{"line":88,"column":null}},"47":{"start":{"line":85,"column":8},"end":{"line":85,"column":37}},"48":{"start":{"line":87,"column":8},"end":{"line":87,"column":39}},"49":{"start":{"line":92,"column":34},"end":{"line":107,"column":3}},"50":{"start":{"line":93,"column":31},"end":{"line":95,"column":31}},"51":{"start":{"line":94,"column":25},"end":{"line":94,"column":50}},"52":{"start":{"line":95,"column":22},"end":{"line":95,"column":30}},"53":{"start":{"line":97,"column":23},"end":{"line":99,"column":null}},"54":{"start":{"line":101,"column":23},"end":{"line":103,"column":null}},"55":{"start":{"line":106,"column":4},"end":{"line":106,"column":32}},"56":{"start":{"line":109,"column":21},"end":{"line":157,"column":3}},"57":{"start":{"line":110,"column":4},"end":{"line":156,"column":null}},"58":{"start":{"line":111,"column":23},"end":{"line":111,"column":69}},"59":{"start":{"line":111,"column":47},"end":{"line":111,"column":68}},"60":{"start":{"line":112,"column":23},"end":{"line":112,"column":69}},"61":{"start":{"line":112,"column":47},"end":{"line":112,"column":68}},"62":{"start":{"line":114,"column":6},"end":{"line":153,"column":null}},"63":{"start":{"line":119,"column":37},"end":{"line":119,"column":56}},"64":{"start":{"line":120,"column":8},"end":{"line":150,"column":null}},"65":{"start":{"line":121,"column":10},"end":{"line":121,"column":80}},"66":{"start":{"line":123,"column":33},"end":{"line":123,"column":72}},"67":{"start":{"line":125,"column":34},"end":{"line":129,"column":11}},"68":{"start":{"line":126,"column":12},"end":{"line":126,"column":41}},"69":{"start":{"line":127,"column":12},"end":{"line":127,"column":46}},"70":{"start":{"line":128,"column":12},"end":{"line":128,"column":43}},"71":{"start":{"line":132,"column":12},"end":{"line":136,"column":34}},"72":{"start":{"line":138,"column":35},"end":{"line":143,"column":12}},"73":{"start":{"line":145,"column":10},"end":{"line":145,"column":41}},"74":{"start":{"line":147,"column":10},"end":{"line":149,"column":12}},"75":{"start":{"line":152,"column":8},"end":{"line":152,"column":50}},"76":{"start":{"line":155,"column":6},"end":{"line":155,"column":68}},"77":{"start":{"line":159,"column":29},"end":{"line":164,"column":3}},"78":{"start":{"line":160,"column":4},"end":{"line":163,"column":68}},"79":{"start":{"line":166,"column":27},"end":{"line":171,"column":3}},"80":{"start":{"line":167,"column":4},"end":{"line":170,"column":null}},"81":{"start":{"line":168,"column":35},"end":{"line":168,"column":73}},"82":{"start":{"line":169,"column":6},"end":{"line":169,"column":52}},"83":{"start":{"line":173,"column":2},"end":{"line":211,"column":4}},"84":{"start":{"line":184,"column":34},"end":{"line":184,"column":63}},"85":{"start":{"line":187,"column":34},"end":{"line":187,"column":63}},"86":{"start":{"line":192,"column":40},"end":{"line":192,"column":45}},"87":{"start":{"line":194,"column":10},"end":{"line":207,"column":12}},"88":{"start":{"line":198,"column":45},"end":{"line":198,"column":65}},"89":{"start":{"line":214,"column":0},"end":{"line":214,"column":19}}},"fnMap":{"0":{"name":"(anonymous_0)","decl":{"start":{"line":5,"column":12},"end":{"line":5,"column":15}},"loc":{"start":{"line":5,"column":17},"end":{"line":212,"column":1}}},"1":{"name":"(anonymous_1)","decl":{"start":{"line":17,"column":22},"end":{"line":17,"column":23}},"loc":{"start":{"line":17,"column":56},"end":{"line":27,"column":3}}},"2":{"name":"(anonymous_2)","decl":{"start":{"line":29,"column":22},"end":{"line":29,"column":23}},"loc":{"start":{"line":29,"column":42},"end":{"line":33,"column":3}}},"3":{"name":"(anonymous_3)","decl":{"start":{"line":35,"column":22},"end":{"line":35,"column":23}},"loc":{"start":{"line":35,"column":42},"end":{"line":41,"column":3}}},"4":{"name":"(anonymous_4)","decl":{"start":{"line":36,"column":36},"end":{"line":36,"column":37}},"loc":{"start":{"line":36,"column":47},"end":{"line":36,"column":72}}},"5":{"name":"(anonymous_5)","decl":{"start":{"line":37,"column":44},"end":{"line":37,"column":45}},"loc":{"start":{"line":37,"column":55},"end":{"line":37,"column":75}}},"6":{"name":"(anonymous_6)","decl":{"start":{"line":43,"column":19},"end":{"line":43,"column":null}},"loc":{"start":{"line":47,"column":6},"end":{"line":55,"column":3}}},"7":{"name":"(anonymous_7)","decl":{"start":{"line":57,"column":21},"end":{"line":57,"column":22}},"loc":{"start":{"line":57,"column":41},"end":{"line":65,"column":3}}},"8":{"name":"(anonymous_8)","decl":{"start":{"line":58,"column":32},"end":{"line":58,"column":33}},"loc":{"start":{"line":58,"column":42},"end":{"line":62,"column":5}}},"9":{"name":"(anonymous_9)","decl":{"start":{"line":67,"column":23},"end":{"line":67,"column":24}},"loc":{"start":{"line":67,"column":43},"end":{"line":71,"column":3}}},"10":{"name":"(anonymous_10)","decl":{"start":{"line":68,"column":35},"end":{"line":68,"column":36}},"loc":{"start":{"line":68,"column":46},"end":{"line":68,"column":66}}},"11":{"name":"(anonymous_11)","decl":{"start":{"line":73,"column":32},"end":{"line":73,"column":33}},"loc":{"start":{"line":73,"column":52},"end":{"line":77,"column":3}}},"12":{"name":"(anonymous_12)","decl":{"start":{"line":79,"column":22},"end":{"line":79,"column":23}},"loc":{"start":{"line":79,"column":42},"end":{"line":90,"column":3}}},"13":{"name":"(anonymous_13)","decl":{"start":{"line":92,"column":34},"end":{"line":92,"column":35}},"loc":{"start":{"line":92,"column":54},"end":{"line":107,"column":3}}},"14":{"name":"(anonymous_14)","decl":{"start":{"line":94,"column":14},"end":{"line":94,"column":15}},"loc":{"start":{"line":94,"column":25},"end":{"line":94,"column":50}}},"15":{"name":"(anonymous_15)","decl":{"start":{"line":95,"column":11},"end":{"line":95,"column":12}},"loc":{"start":{"line":95,"column":22},"end":{"line":95,"column":30}}},"16":{"name":"(anonymous_16)","decl":{"start":{"line":109,"column":21},"end":{"line":109,"column":22}},"loc":{"start":{"line":109,"column":77},"end":{"line":157,"column":3}}},"17":{"name":"(anonymous_17)","decl":{"start":{"line":111,"column":36},"end":{"line":111,"column":37}},"loc":{"start":{"line":111,"column":47},"end":{"line":111,"column":68}}},"18":{"name":"(anonymous_18)","decl":{"start":{"line":112,"column":36},"end":{"line":112,"column":37}},"loc":{"start":{"line":112,"column":47},"end":{"line":112,"column":68}}},"19":{"name":"(anonymous_19)","decl":{"start":{"line":125,"column":34},"end":{"line":125,"column":37}},"loc":{"start":{"line":125,"column":39},"end":{"line":129,"column":11}}},"20":{"name":"(anonymous_20)","decl":{"start":{"line":159,"column":29},"end":{"line":159,"column":32}},"loc":{"start":{"line":159,"column":34},"end":{"line":164,"column":3}}},"21":{"name":"(anonymous_21)","decl":{"start":{"line":166,"column":27},"end":{"line":166,"column":30}},"loc":{"start":{"line":166,"column":32},"end":{"line":171,"column":3}}},"22":{"name":"(anonymous_22)","decl":{"start":{"line":184,"column":23},"end":{"line":184,"column":24}},"loc":{"start":{"line":184,"column":34},"end":{"line":184,"column":63}}},"23":{"name":"(anonymous_23)","decl":{"start":{"line":187,"column":23},"end":{"line":187,"column":24}},"loc":{"start":{"line":187,"column":34},"end":{"line":187,"column":63}}},"24":{"name":"(anonymous_24)","decl":{"start":{"line":191,"column":20},"end":{"line":191,"column":21}},"loc":{"start":{"line":191,"column":37},"end":{"line":208,"column":9}}},"25":{"name":"(anonymous_25)","decl":{"start":{"line":198,"column":34},"end":{"line":198,"column":35}},"loc":{"start":{"line":198,"column":45},"end":{"line":198,"column":65}}}},"branchMap":{"0":{"loc":{"start":{"line":31,"column":8},"end":{"line":31,"column":30}},"type":"cond-expr","locations":[{"start":{"line":31,"column":8},"end":{"line":31,"column":30}},{"start":{"line":32,"column":8},"end":{"line":32,"column":33}}]},"1":{"loc":{"start":{"line":48,"column":4},"end":{"line":54,"column":null}},"type":"if","locations":[{"start":{"line":48,"column":4},"end":{"line":54,"column":null}},{"start":{"line":48,"column":4},"end":{"line":54,"column":null}}]},"2":{"loc":{"start":{"line":48,"column":8},"end":{"line":48,"column":30}},"type":"binary-expr","locations":[{"start":{"line":48,"column":8},"end":{"line":48,"column":30}},{"start":{"line":48,"column":34},"end":{"line":48,"column":61}}]},"3":{"loc":{"start":{"line":59,"column":30},"end":{"line":59,"column":64}},"type":"cond-expr","locations":[{"start":{"line":59,"column":30},"end":{"line":59,"column":64}},{"start":{"line":59,"column":68},"end":{"line":59,"column":72}}]},"4":{"loc":{"start":{"line":75,"column":8},"end":{"line":75,"column":33}},"type":"cond-expr","locations":[{"start":{"line":75,"column":8},"end":{"line":75,"column":33}},{"start":{"line":76,"column":8},"end":{"line":76,"column":36}}]},"5":{"loc":{"start":{"line":80,"column":4},"end":{"line":89,"column":null}},"type":"if","locations":[{"start":{"line":80,"column":4},"end":{"line":89,"column":null}},{"start":{"line":80,"column":4},"end":{"line":89,"column":null}}]},"6":{"loc":{"start":{"line":84,"column":6},"end":{"line":88,"column":null}},"type":"if","locations":[{"start":{"line":84,"column":6},"end":{"line":88,"column":null}},{"start":{"line":84,"column":6},"end":{"line":88,"column":null}}]},"7":{"loc":{"start":{"line":110,"column":4},"end":{"line":156,"column":null}},"type":"if","locations":[{"start":{"line":110,"column":4},"end":{"line":156,"column":null}},{"start":{"line":110,"column":4},"end":{"line":156,"column":null}}]},"8":{"loc":{"start":{"line":114,"column":6},"end":{"line":153,"column":null}},"type":"if","locations":[{"start":{"line":114,"column":6},"end":{"line":153,"column":null}},{"start":{"line":114,"column":6},"end":{"line":153,"column":null}}]},"9":{"loc":{"start":{"line":115,"column":8},"end":{"line":115,"column":39}},"type":"binary-expr","locations":[{"start":{"line":115,"column":8},"end":{"line":115,"column":39}},{"start":{"line":116,"column":8},"end":{"line":116,"column":25}},{"start":{"line":117,"column":8},"end":{"line":117,"column":25}}]},"10":{"loc":{"start":{"line":120,"column":8},"end":{"line":150,"column":null}},"type":"if","locations":[{"start":{"line":120,"column":8},"end":{"line":150,"column":null}},{"start":{"line":120,"column":8},"end":{"line":150,"column":null}}]},"11":{"loc":{"start":{"line":123,"column":55},"end":{"line":123,"column":61}},"type":"cond-expr","locations":[{"start":{"line":123,"column":55},"end":{"line":123,"column":61}},{"start":{"line":123,"column":64},"end":{"line":123,"column":72}}]},"12":{"loc":{"start":{"line":132,"column":12},"end":{"line":135,"column":null}},"type":"binary-expr","locations":[{"start":{"line":132,"column":12},"end":{"line":135,"column":null}},{"start":{"line":136,"column":17},"end":{"line":136,"column":34}}]},"13":{"loc":{"start":{"line":133,"column":52},"end":{"line":133,"column":57}},"type":"cond-expr","locations":[{"start":{"line":133,"column":52},"end":{"line":133,"column":57}},{"start":{"line":133,"column":60},"end":{"line":133,"column":66}}]},"14":{"loc":{"start":{"line":134,"column":44},"end":{"line":134,"column":49}},"type":"cond-expr","locations":[{"start":{"line":134,"column":44},"end":{"line":134,"column":49}},{"start":{"line":134,"column":52},"end":{"line":134,"column":null}}]},"15":{"loc":{"start":{"line":160,"column":4},"end":{"line":160,"column":29}},"type":"binary-expr","locations":[{"start":{"line":160,"column":4},"end":{"line":160,"column":29}},{"start":{"line":161,"column":6},"end":{"line":161,"column":31}},{"start":{"line":162,"column":6},"end":{"line":162,"column":28}},{"start":{"line":163,"column":6},"end":{"line":163,"column":67}}]},"16":{"loc":{"start":{"line":167,"column":4},"end":{"line":170,"column":null}},"type":"if","locations":[{"start":{"line":167,"column":4},"end":{"line":170,"column":null}},{"start":{"line":167,"column":4},"end":{"line":170,"column":null}}]}},"s":{"0":0,"1":0,"2":0,"3":0,"4":0,"5":0,"6":0,"7":0,"8":0,"9":0,"10":0,"11":0,"12":0,"13":0,"14":0,"15":0,"16":0,"17":0,"18":0,"19":0,"20":0,"21":0,"22":0,"23":0,"24":0,"25":0,"26":0,"27":0,"28":0,"29":0,"30":0,"31":0,"32":0,"33":0,"34":0,"35":0,"36":0,"37":0,"38":0,"39":0,"40":0,"41":0,"42":0,"43":0,"44":0,"45":0,"46":0,"47":0,"48":0,"49":0,"50":0,"51":0,"52":0,"53":0,"54":0,"55":0,"56":0,"57":0,"58":0,"59":0,"60":0,"61":0,"62":0,"63":0,"64":0,"65":0,"66":0,"67":0,"68":0,"69":0,"70":0,"71":0,"72":0,"73":0,"74":0,"75":0,"76":0,"77":0,"78":0,"79":0,"80":0,"81":0,"82":0,"83":0,"84":0,"85":0,"86":0,"87":0,"88":0,"89":0},"f":{"0":0,"1":0,"2":0,"3":0,"4":0,"5":0,"6":0,"7":0,"8":0,"9":0,"10":0,"11":0,"12":0,"13":0,"14":0,"15":0,"16":0,"17":0,"18":0,"19":0,"20":0,"21":0,"22":0,"23":0,"24":0,"25":0},"b":{"0":[0,0],"1":[0,0],"2":[0,0],"3":[0,0],"4":[0,0],"5":[0,0],"6":[0,0],"7":[0,0],"8":[0,0],"9":[0,0,0],"10":[0,0],"11":[0,0],"12":[0,0],"13":[0,0],"14":[0,0],"15":[0,0,0,0],"16":[0,0]}}
,"/Users/mikelawlor/Documents/wren-js-task/src/components/Farmer.tsx": {"path":"/Users/mikelawlor/Documents/wren-js-task/src/components/Farmer.tsx","statementMap":{"0":{"start":{"line":1,"column":0},"end":{"line":1,"column":40}},"1":{"start":{"line":5,"column":15},"end":{"line":200,"column":1}},"2":{"start":{"line":16,"column":6},"end":{"line":16,"column":11}},"3":{"start":{"line":18,"column":44},"end":{"line":18,"column":73}},"4":{"start":{"line":19,"column":46},"end":{"line":19,"column":75}},"5":{"start":{"line":21,"column":42},"end":{"line":21,"column":71}},"6":{"start":{"line":22,"column":46},"end":{"line":24,"column":9}},"7":{"start":{"line":26,"column":44},"end":{"line":26,"column":59}},"8":{"start":{"line":27,"column":48},"end":{"line":27,"column":63}},"9":{"start":{"line":29,"column":39},"end":{"line":34,"column":3}},"10":{"start":{"line":33,"column":4},"end":{"line":33,"column":26}},"11":{"start":{"line":36,"column":2},"end":{"line":199,"column":4}},"12":{"start":{"line":48,"column":16},"end":{"line":50,"column":null}},"13":{"start":{"line":61,"column":16},"end":{"line":63,"column":null}},"14":{"start":{"line":71,"column":16},"end":{"line":73,"column":61}},"15":{"start":{"line":74,"column":16},"end":{"line":74,"column":39}},"16":{"start":{"line":75,"column":16},"end":{"line":75,"column":40}},"17":{"start":{"line":95,"column":18},"end":{"line":96,"column":58}},"18":{"start":{"line":97,"column":18},"end":{"line":97,"column":41}},"19":{"start":{"line":98,"column":18},"end":{"line":98,"column":44}},"20":{"start":{"line":112,"column":18},"end":{"line":113,"column":58}},"21":{"start":{"line":114,"column":18},"end":{"line":114,"column":43}},"22":{"start":{"line":115,"column":18},"end":{"line":115,"column":42}},"23":{"start":{"line":126,"column":35},"end":{"line":126,"column":70}},"24":{"start":{"line":132,"column":18},"end":{"line":132,"column":72}},"25":{"start":{"line":133,"column":18},"end":{"line":133,"column":42}},"26":{"start":{"line":134,"column":18},"end":{"line":134,"column":40}},"27":{"start":{"line":135,"column":18},"end":{"line":135,"column":42}},"28":{"start":{"line":136,"column":18},"end":{"line":136,"column":44}},"29":{"start":{"line":167,"column":37},"end":{"line":167,"column":66}},"30":{"start":{"line":174,"column":37},"end":{"line":174,"column":68}},"31":{"start":{"line":202,"column":0},"end":{"line":202,"column":22}}},"fnMap":{"0":{"name":"(anonymous_0)","decl":{"start":{"line":5,"column":15},"end":{"line":5,"column":16}},"loc":{"start":{"line":5,"column":34},"end":{"line":200,"column":1}}},"1":{"name":"(anonymous_1)","decl":{"start":{"line":29,"column":39},"end":{"line":29,"column":null}},"loc":{"start":{"line":32,"column":6},"end":{"line":34,"column":3}}},"2":{"name":"(anonymous_2)","decl":{"start":{"line":47,"column":24},"end":{"line":47,"column":25}},"loc":{"start":{"line":48,"column":16},"end":{"line":50,"column":null}}},"3":{"name":"(anonymous_3)","decl":{"start":{"line":60,"column":24},"end":{"line":60,"column":25}},"loc":{"start":{"line":61,"column":16},"end":{"line":63,"column":null}}},"4":{"name":"(anonymous_4)","decl":{"start":{"line":70,"column":23},"end":{"line":70,"column":26}},"loc":{"start":{"line":70,"column":28},"end":{"line":76,"column":15}}},"5":{"name":"(anonymous_5)","decl":{"start":{"line":94,"column":26},"end":{"line":94,"column":27}},"loc":{"start":{"line":94,"column":36},"end":{"line":99,"column":17}}},"6":{"name":"(anonymous_6)","decl":{"start":{"line":111,"column":26},"end":{"line":111,"column":27}},"loc":{"start":{"line":111,"column":36},"end":{"line":116,"column":17}}},"7":{"name":"(anonymous_7)","decl":{"start":{"line":126,"column":24},"end":{"line":126,"column":25}},"loc":{"start":{"line":126,"column":35},"end":{"line":126,"column":70}}},"8":{"name":"(anonymous_8)","decl":{"start":{"line":131,"column":25},"end":{"line":131,"column":28}},"loc":{"start":{"line":131,"column":30},"end":{"line":137,"column":17}}},"9":{"name":"(anonymous_9)","decl":{"start":{"line":167,"column":31},"end":{"line":167,"column":34}},"loc":{"start":{"line":167,"column":37},"end":{"line":167,"column":66}}},"10":{"name":"(anonymous_10)","decl":{"start":{"line":174,"column":31},"end":{"line":174,"column":34}},"loc":{"start":{"line":174,"column":37},"end":{"line":174,"column":68}}}},"branchMap":{"0":{"loc":{"start":{"line":46,"column":21},"end":{"line":46,"column":34}},"type":"binary-expr","locations":[{"start":{"line":46,"column":21},"end":{"line":46,"column":34}},{"start":{"line":46,"column":38},"end":{"line":46,"column":40}}]},"1":{"loc":{"start":{"line":59,"column":21},"end":{"line":59,"column":35}},"type":"binary-expr","locations":[{"start":{"line":59,"column":21},"end":{"line":59,"column":35}},{"start":{"line":59,"column":39},"end":{"line":59,"column":41}}]},"2":{"loc":{"start":{"line":71,"column":16},"end":{"line":71,"column":30}},"type":"binary-expr","locations":[{"start":{"line":71,"column":16},"end":{"line":71,"column":30}},{"start":{"line":72,"column":18},"end":{"line":72,"column":31}},{"start":{"line":73,"column":18},"end":{"line":73,"column":60}}]},"3":{"loc":{"start":{"line":95,"column":18},"end":{"line":95,"column":47}},"type":"binary-expr","locations":[{"start":{"line":95,"column":18},"end":{"line":95,"column":47}},{"start":{"line":96,"column":20},"end":{"line":96,"column":57}}]},"4":{"loc":{"start":{"line":112,"column":18},"end":{"line":112,"column":49}},"type":"binary-expr","locations":[{"start":{"line":112,"column":18},"end":{"line":112,"column":49}},{"start":{"line":113,"column":20},"end":{"line":113,"column":57}}]},"5":{"loc":{"start":{"line":125,"column":45},"end":{"line":125,"column":57}},"type":"cond-expr","locations":[{"start":{"line":125,"column":45},"end":{"line":125,"column":57}},{"start":{"line":125,"column":60},"end":{"line":125,"column":62}}]},"6":{"loc":{"start":{"line":130,"column":14},"end":{"line":137,"column":null}},"type":"cond-expr","locations":[{"start":{"line":130,"column":14},"end":{"line":137,"column":null}},{"start":{"line":142,"column":14},"end":{"line":142,"column":49}}]},"7":{"loc":{"start":{"line":129,"column":13},"end":{"line":129,"column":35}},"type":"binary-expr","locations":[{"start":{"line":129,"column":13},"end":{"line":129,"column":35}},{"start":{"line":129,"column":39},"end":{"line":129,"column":51}},{"start":{"line":129,"column":55},"end":{"line":129,"column":69}}]},"8":{"loc":{"start":{"line":151,"column":14},"end":{"line":151,"column":63}},"type":"cond-expr","locations":[{"start":{"line":151,"column":14},"end":{"line":151,"column":63}},{"start":{"line":153,"column":14},"end":{"line":153,"column":20}}]},"9":{"loc":{"start":{"line":159,"column":14},"end":{"line":159,"column":63}},"type":"cond-expr","locations":[{"start":{"line":159,"column":14},"end":{"line":159,"column":63}},{"start":{"line":161,"column":14},"end":{"line":161,"column":20}}]},"10":{"loc":{"start":{"line":167,"column":14},"end":{"line":167,"column":null}},"type":"cond-expr","locations":[{"start":{"line":167,"column":14},"end":{"line":167,"column":null}},{"start":{"line":171,"column":14},"end":{"line":171,"column":51}}]},"11":{"loc":{"start":{"line":166,"column":13},"end":{"line":166,"column":27}},"type":"binary-expr","locations":[{"start":{"line":166,"column":13},"end":{"line":166,"column":27}},{"start":{"line":166,"column":31},"end":{"line":166,"column":46}}]},"12":{"loc":{"start":{"line":174,"column":14},"end":{"line":174,"column":null}},"type":"cond-expr","locations":[{"start":{"line":174,"column":14},"end":{"line":174,"column":null}},{"start":{"line":178,"column":14},"end":{"line":178,"column":53}}]},"13":{"loc":{"start":{"line":173,"column":13},"end":{"line":173,"column":27}},"type":"binary-expr","locations":[{"start":{"line":173,"column":13},"end":{"line":173,"column":27}},{"start":{"line":173,"column":31},"end":{"line":173,"column":46}}]},"14":{"loc":{"start":{"line":184,"column":14},"end":{"line":184,"column":71}},"type":"cond-expr","locations":[{"start":{"line":184,"column":14},"end":{"line":184,"column":71}},{"start":{"line":186,"column":14},"end":{"line":186,"column":51}}]},"15":{"loc":{"start":{"line":183,"column":13},"end":{"line":183,"column":27}},"type":"binary-expr","locations":[{"start":{"line":183,"column":13},"end":{"line":183,"column":27}},{"start":{"line":183,"column":31},"end":{"line":183,"column":45}}]},"16":{"loc":{"start":{"line":191,"column":14},"end":{"line":191,"column":76}},"type":"cond-expr","locations":[{"start":{"line":191,"column":14},"end":{"line":191,"column":76}},{"start":{"line":193,"column":14},"end":{"line":193,"column":58}}]}},"s":{"0":0,"1":0,"2":0,"3":0,"4":0,"5":0,"6":0,"7":0,"8":0,"9":0,"10":0,"11":0,"12":0,"13":0,"14":0,"15":0,"16":0,"17":0,"18":0,"19":0,"20":0,"21":0,"22":0,"23":0,"24":0,"25":0,"26":0,"27":0,"28":0,"29":0,"30":0,"31":0},"f":{"0":0,"1":0,"2":0,"3":0,"4":0,"5":0,"6":0,"7":0,"8":0,"9":0,"10":0},"b":{"0":[0,0],"1":[0,0],"2":[0,0,0],"3":[0,0],"4":[0,0],"5":[0,0],"6":[0,0],"7":[0,0,0],"8":[0,0],"9":[0,0],"10":[0,0],"11":[0,0],"12":[0,0],"13":[0,0],"14":[0,0],"15":[0,0],"16":[0,0]}}
,"/Users/mikelawlor/Documents/wren-js-task/src/components/Field.tsx": {"path":"/Users/mikelawlor/Documents/wren-js-task/src/components/Field.tsx","statementMap":{"0":{"start":{"line":1,"column":0},"end":{"line":1,"column":26}},"1":{"start":{"line":5,"column":0},"end":{"line":5,"column":32}},"2":{"start":{"line":7,"column":14},"end":{"line":55,"column":1}},"3":{"start":{"line":18,"column":6},"end":{"line":18,"column":11}},"4":{"start":{"line":20,"column":43},"end":{"line":23,"column":4}},"5":{"start":{"line":25,"column":2},"end":{"line":54,"column":4}},"6":{"start":{"line":29,"column":8},"end":{"line":29,"column":39}},"7":{"start":{"line":35,"column":57},"end":{"line":35,"column":62}},"8":{"start":{"line":36,"column":8},"end":{"line":51,"column":10}},"9":{"start":{"line":57,"column":0},"end":{"line":57,"column":21}}},"fnMap":{"0":{"name":"(anonymous_0)","decl":{"start":{"line":7,"column":14},"end":{"line":7,"column":15}},"loc":{"start":{"line":7,"column":32},"end":{"line":55,"column":1}}},"1":{"name":"(anonymous_1)","decl":{"start":{"line":28,"column":15},"end":{"line":28,"column":18}},"loc":{"start":{"line":28,"column":20},"end":{"line":30,"column":7}}},"2":{"name":"(anonymous_2)","decl":{"start":{"line":34,"column":17},"end":{"line":34,"column":18}},"loc":{"start":{"line":34,"column":34},"end":{"line":52,"column":7}}}},"branchMap":{"0":{"loc":{"start":{"line":27,"column":38},"end":{"line":27,"column":56}},"type":"cond-expr","locations":[{"start":{"line":27,"column":38},"end":{"line":27,"column":56}},{"start":{"line":27,"column":59},"end":{"line":27,"column":61}}]},"1":{"loc":{"start":{"line":29,"column":8},"end":{"line":29,"column":19}},"type":"binary-expr","locations":[{"start":{"line":29,"column":8},"end":{"line":29,"column":19}},{"start":{"line":29,"column":23},"end":{"line":29,"column":38}}]},"2":{"loc":{"start":{"line":46,"column":40},"end":{"line":46,"column":41}},"type":"cond-expr","locations":[{"start":{"line":46,"column":40},"end":{"line":46,"column":41}},{"start":{"line":46,"column":44},"end":{"line":46,"column":78}}]},"3":{"loc":{"start":{"line":46,"column":70},"end":{"line":46,"column":71}},"type":"cond-expr","locations":[{"start":{"line":46,"column":70},"end":{"line":46,"column":71}},{"start":{"line":46,"column":74},"end":{"line":46,"column":78}}]}},"s":{"0":0,"1":0,"2":0,"3":0,"4":0,"5":0,"6":0,"7":0,"8":0,"9":0},"f":{"0":0,"1":0,"2":0},"b":{"0":[0,0],"1":[0,0],"2":[0,0],"3":[0,0]}}
,"/Users/mikelawlor/Documents/wren-js-task/src/components/Sheep.tsx": {"path":"/Users/mikelawlor/Documents/wren-js-task/src/components/Sheep.tsx","statementMap":{"0":{"start":{"line":1,"column":0},"end":{"line":1,"column":26}},"1":{"start":{"line":4,"column":14},"end":{"line":34,"column":1}},"2":{"start":{"line":15,"column":6},"end":{"line":15,"column":11}},"3":{"start":{"line":17,"column":2},"end":{"line":33,"column":4}},"4":{"start":{"line":23,"column":8},"end":{"line":23,"column":32}},"5":{"start":{"line":24,"column":8},"end":{"line":24,"column":70}},"6":{"start":{"line":25,"column":8},"end":{"line":25,"column":39}},"7":{"start":{"line":36,"column":0},"end":{"line":36,"column":21}}},"fnMap":{"0":{"name":"(anonymous_0)","decl":{"start":{"line":4,"column":14},"end":{"line":4,"column":15}},"loc":{"start":{"line":4,"column":32},"end":{"line":34,"column":1}}},"1":{"name":"(anonymous_1)","decl":{"start":{"line":22,"column":15},"end":{"line":22,"column":16}},"loc":{"start":{"line":22,"column":25},"end":{"line":26,"column":7}}}},"branchMap":{"0":{"loc":{"start":{"line":19,"column":37},"end":{"line":19,"column":54}},"type":"cond-expr","locations":[{"start":{"line":19,"column":37},"end":{"line":19,"column":54}},{"start":{"line":19,"column":57},"end":{"line":19,"column":59}}]},"1":{"loc":{"start":{"line":20,"column":30},"end":{"line":20,"column":75}},"type":"cond-expr","locations":[{"start":{"line":20,"column":30},"end":{"line":20,"column":75}},{"start":{"line":20,"column":78},"end":{"line":20,"column":null}}]},"2":{"loc":{"start":{"line":24,"column":42},"end":{"line":24,"column":62}},"type":"cond-expr","locations":[{"start":{"line":24,"column":42},"end":{"line":24,"column":62}},{"start":{"line":24,"column":65},"end":{"line":24,"column":69}}]},"3":{"loc":{"start":{"line":24,"column":8},"end":{"line":24,"column":19}},"type":"binary-expr","locations":[{"start":{"line":24,"column":8},"end":{"line":24,"column":19}},{"start":{"line":24,"column":23},"end":{"line":24,"column":39}}]},"4":{"loc":{"start":{"line":25,"column":8},"end":{"line":25,"column":19}},"type":"binary-expr","locations":[{"start":{"line":25,"column":8},"end":{"line":25,"column":19}},{"start":{"line":25,"column":23},"end":{"line":25,"column":38}}]}},"s":{"0":1,"1":1,"2":1,"3":1,"4":0,"5":0,"6":0,"7":1},"f":{"0":1,"1":0},"b":{"0":[0,1],"1":[0,1],"2":[0,0],"3":[0,0],"4":[0,0]}}
,"/Users/mikelawlor/Documents/wren-js-task/src/components/index.ts": {"path":"/Users/mikelawlor/Documents/wren-js-task/src/components/index.ts","statementMap":{"0":{"start":{"line":1,"column":0},"end":{"line":1,"column":7}},"1":{"start":{"line":6,"column":9},"end":{"line":1,"column":30}},"2":{"start":{"line":2,"column":0},"end":{"line":2,"column":7}},"3":{"start":{"line":6,"column":17},"end":{"line":2,"column":28}},"4":{"start":{"line":3,"column":0},"end":{"line":3,"column":7}},"5":{"start":{"line":6,"column":24},"end":{"line":3,"column":28}},"6":{"start":{"line":4,"column":0},"end":{"line":4,"column":7}},"7":{"start":{"line":6,"column":31},"end":{"line":4,"column":24}}},"fnMap":{},"branchMap":{},"s":{"0":0,"1":0,"2":0,"3":0,"4":0,"5":0,"6":0,"7":0},"f":{},"b":{}}
}
